<?xml version="1.0" encoding="UTF-8"?>
<!-- Generated by org.testng.reporters.JUnitReportReporter -->
<testsuite hostname="LAPTOP-DOBLN3AU" failures="0" tests="2" name="starthealthScenario2.TestStarthealthPage" time="2.551" errors="0" timestamp="2024-01-31T12:40:48 IST" skipped="0">
  <testcase classname="starthealthScenario2.TestStarthealthPage" name="click_onPlans" time="1.958"/>
  <system-out/>
  <testcase classname="starthealthScenario2.TestStarthealthPage" name="click_on_option" time="0.593"/>
  <system-out/>
</testsuite> <!-- starthealthScenario2.TestStarthealthPage -->
