<?xml version="1.0" encoding="UTF-8"?>
<!-- Generated by org.testng.reporters.JUnitReportReporter -->
<testsuite hostname="LAPTOP-DOBLN3AU" failures="0" tests="2" name="starthealthScenario2.TestStarthealthLink" time="2.742" errors="0" timestamp="2024-01-31T13:04:20 IST" skipped="0">
  <testcase classname="starthealthScenario2.TestStarthealthLink" name="click_onPlans" time="2.381"/>
  <system-out/>
  <testcase classname="starthealthScenario2.TestStarthealthLink" name="click_on_option" time="0.361"/>
  <system-out/>
</testsuite> <!-- starthealthScenario2.TestStarthealthLink -->
